<?xml version="1.0" encoding="UTF-8"?>
<!-- Generated by org.testng.reporters.JUnitXMLReporter -->
<testsuite hostname="LAPTOP-BOQFLOCE" name="Kotak Assignment Test" tests="5" failures="2" timestamp="27 Nov 2020 19:11:44 GMT" time="252.098" errors="0">
  <testcase name="validateBrokenImagesTest" time="10.209" classname="com.kotak.testcases.DepositsPageTest"/>
  <testcase name="validateAmountFieldTest" time="25.391" classname="com.kotak.testcases.DepositsPageTest">
    <failure type="java.lang.AssertionError" message="null">
      <![CDATA[java.lang.AssertionError: null
	at com.kotak.pages.DepositsPage.amountFieldValidation(DepositsPage.java:77)
	at com.kotak.testcases.DepositsPageTest.validateAmountFieldTest(DepositsPageTest.java:41)
... Removed 27 stack frames]]>
    </failure>
  </testcase> <!-- validateAmountFieldTest -->
  <testcase name="validateAmountFieldTest" time="48.343" classname="com.kotak.testcases.DepositsPageTest"/>
  <testcase name="validateAmountFieldTest" time="37.986" classname="com.kotak.testcases.DepositsPageTest">
    <failure type="java.lang.AssertionError" message="null">
      <![CDATA[java.lang.AssertionError: null
	at com.kotak.pages.DepositsPage.amountFieldValidation(DepositsPage.java:88)
	at com.kotak.testcases.DepositsPageTest.validateAmountFieldTest(DepositsPageTest.java:41)
... Removed 27 stack frames]]>
    </failure>
  </testcase> <!-- validateAmountFieldTest -->
  <testcase name="validateAmountFieldTest" time="64.121" classname="com.kotak.testcases.DepositsPageTest"/>
</testsuite> <!-- Kotak Assignment Test -->
